<?xml version="1.0" encoding="utf-8" standalone="no"?>
<!--This file represents the results of running a test suite-->
<test-results name="C:\Projects\Public-Site\src\Tests\bin\Release\SSDNUG.Tests.dll" total="2" errors="0" failures="0" not-run="0" inconclusive="0" ignored="0" skipped="0" invalid="0" date="2012-03-02" time="11:03:49">
  <environment nunit-version="2.5.10.11092" clr-version="2.0.50727.5448" os-version="Microsoft Windows NT 6.1.7601 Service Pack 1" platform="Win32NT" cwd="C:\Projects\Public-Site\build" machine-name="ANIMUS" user="Bobby" user-domain="Animus" />
  <culture-info current-culture="en-US" current-uiculture="en-US" />
  <test-suite type="Assembly" name="C:\Projects\Public-Site\src\Tests\bin\Release\SSDNUG.Tests.dll" executed="True" result="Success" success="True" time="4.680" asserts="0">
    <results>
      <test-suite type="Namespace" name="SSDNUG" executed="True" result="Success" success="True" time="4.664" asserts="0">
        <results>
          <test-suite type="Namespace" name="Tests" executed="True" result="Success" success="True" time="4.633" asserts="0">
            <results>
              <test-suite type="Namespace" name="Controllers" executed="True" result="Success" success="True" time="4.602" asserts="0">
                <results>
                  <test-suite type="TestFixture" name="HomeControllerTests" executed="True" result="Success" success="True" time="4.602" asserts="0">
                    <results>
                      <test-case name="SSDNUG.Tests.Controllers.HomeControllerTests.Index_should_display_three_upcoming_booked_presentations" executed="True" result="Success" success="True" time="4.571" asserts="4" />
                    </results>
                  </test-suite>
                </results>
              </test-suite>
              <test-suite type="TestFixture" name="RealityTests" executed="True" result="Success" success="True" time="0.000" asserts="0">
                <results>
                  <test-case name="SSDNUG.Tests.RealityTests.true_should_always_be_true" executed="True" result="Success" success="True" time="0.000" asserts="1" />
                </results>
              </test-suite>
            </results>
          </test-suite>
        </results>
      </test-suite>
    </results>
  </test-suite>
</test-results>